<?xml version="1.0" encoding="UTF-8"?>
<!-- Generated by org.testng.reporters.JUnitReportReporter -->
<testsuite skipped="1" hostname="DESKTOP-E2FKL69" name="testcases.TC03_DeleteItemFromCart" tests="1" failures="0" timestamp="20 Apr 2019 23:12:56 GMT" time="0.000" errors="0">
  <testcase name="loginToAmazonDotInApp" time="0.000" classname="testcases.TC03_DeleteItemFromCart">
    <skipped/>
  </testcase> <!-- loginToAmazonDotInApp -->
</testsuite> <!-- testcases.TC03_DeleteItemFromCart -->
