<?xml version="1.0" encoding="UTF-8"?>
<!-- Generated by org.testng.reporters.JUnitReportReporter -->
<testsuite skipped="1" hostname="DESKTOP-E2FKL69" name="testcases.TC02_AddProductToTheCart" tests="1" failures="0" timestamp="20 Apr 2019 23:12:56 GMT" time="0.000" errors="0">
  <testcase name="addProductToTheCartAndValidate" time="0.000" classname="testcases.TC02_AddProductToTheCart">
    <skipped/>
  </testcase> <!-- addProductToTheCartAndValidate -->
</testsuite> <!-- testcases.TC02_AddProductToTheCart -->
